{"/Users/paulchabz/Downloads/ReactStarter/js/search.js": {"path":"/Users/paulchabz/Downloads/ReactStarter/js/search.js","statementMap":{"0":{"start":{"line":5,"column":15},"end":{"line":35,"column":2}},"1":{"start":{"line":7,"column":4},"end":{"line":9,"column":5}},"2":{"start":{"line":12,"column":4},"end":{"line":12,"column":51}},"3":{"start":{"line":15,"column":4},"end":{"line":33,"column":5}},"4":{"start":{"line":24,"column":14},"end":{"line":24,"column":120}},"5":{"start":{"line":27,"column":14},"end":{"line":29,"column":11}}},"fnMap":{"0":{"name":"(anonymous_0)","decl":{"start":{"line":23,"column":20},"end":{"line":23,"column":21}},"loc":{"start":{"line":23,"column":30},"end":{"line":25,"column":13}}},"1":{"name":"(anonymous_1)","decl":{"start":{"line":26,"column":17},"end":{"line":26,"column":18}},"loc":{"start":{"line":26,"column":27},"end":{"line":30,"column":13}}}},"branchMap":{},"s":{"0":1,"1":3,"2":1,"3":4,"4":84,"5":65},"f":{"0":84,"1":65},"b":{},"_coverageSchema":"332fd63041d2c1bcb487cc26dd0d5f7d97098a6c","hash":"0e62180d60a42fb29b4f4d8c0bdf09dce92c51f2"}
,"/Users/paulchabz/Downloads/ReactStarter/js/show.js": {"path":"/Users/paulchabz/Downloads/ReactStarter/js/show.js","statementMap":{"0":{"start":{"line":2,"column":19},"end":{"line":2,"column":34}},"1":{"start":{"line":4,"column":17},"end":{"line":24,"column":2}},"2":{"start":{"line":12,"column":49},"end":{"line":12,"column":59}},"3":{"start":{"line":13,"column":4},"end":{"line":22,"column":5}}},"fnMap":{},"branchMap":{},"s":{"0":1,"1":1,"2":0,"3":0},"f":{},"b":{},"_coverageSchema":"332fd63041d2c1bcb487cc26dd0d5f7d97098a6c","hash":"d94485ecc743d7a77a38054e3683e36248a7a291"}
}
